<?xml version="1.0" encoding="UTF-8" standalone="no"?>
<testsuite failures="0" name="cucumber.runtime.formatter.JUnitFormatter" skipped="0" tests="1" time="12.525387">
<testcase classname="Shopping website test" name="User is able to Sign in successfully" time="12.525387">
<system-out><![CDATA[Given user opens browser....................................................passed
Then user is on login page..................................................passed
Then user enters "username" and "password"..................................passed
Then user cicks on sign-in button...........................................passed
]]></system-out>
</testcase>
</testsuite>
